0 verbose cli /usr/local/bin/node /usr/local/bin/npm
1 info using npm@9.3.0
2 info using node@v14.21.2
3 timing npm:load:whichnode Completed in 12ms
4 timing config:load:defaults Completed in 2ms
5 timing config:load:file:/usr/local/lib/node_modules/npm/npmrc Completed in 6ms
6 timing config:load:builtin Completed in 6ms
7 timing config:load:cli Completed in 1ms
8 timing config:load:env Completed in 0ms
9 timing config:load:project Completed in 1ms
10 timing config:load:file:/home/container/.npmrc Completed in 0ms
11 timing config:load:user Completed in 0ms
12 timing config:load:file:/usr/local/etc/npmrc Completed in 0ms
13 timing config:load:global Completed in 1ms
14 timing config:load:setEnvs Completed in 0ms
15 timing config:load Completed in 11ms
16 timing npm:load:configload Completed in 11ms
17 timing npm:load:mkdirpcache Completed in 1ms
18 timing npm:load:mkdirplogs Completed in 0ms
19 verbose title npm install
20 verbose argv "install"
21 timing npm:load:setTitle Completed in 1ms
22 timing config:load:flatten Completed in 3ms
23 timing npm:load:display Completed in 4ms
24 verbose logfile logs-max:10 dir:/home/container/.npm/_logs/2023-01-16T12_42_53_864Z-
25 verbose logfile /home/container/.npm/_logs/2023-01-16T12_42_53_864Z-debug-0.log
26 timing npm:load:logFile Completed in 4ms
27 timing npm:load:timers Completed in 0ms
28 timing npm:load:configScope Completed in 0ms
29 timing npm:load Completed in 33ms
30 timing arborist:ctor Completed in 1ms
31 silly logfile start cleaning logs, removing 1 files
32 silly logfile done cleaning log files
33 timing idealTree:init Completed in 362ms
34 timing idealTree:userRequests Completed in 1ms
35 silly idealTree buildDeps
36 timing idealTree:#root Completed in 1ms
37 timing idealTree:buildDeps Completed in 1ms
38 timing idealTree:fixDepFlags Completed in 0ms
39 timing idealTree Completed in 369ms
40 timing arborist:ctor Completed in 1ms
41 timing reify:loadTrees Completed in 623ms
42 timing reify:diffTrees Completed in 11ms
43 silly reify mark retired [
43 silly reify   '/home/container/node_modules/topojson',
43 silly reify   '/home/container/node_modules/.bin/geo2topo',
43 silly reify   '/home/container/node_modules/.bin/topo2geo',
43 silly reify   '/home/container/node_modules/.bin/topomerge',
43 silly reify   '/home/container/node_modules/.bin/topoquantize',
43 silly reify   '/home/container/node_modules/.bin/toposimplify'
43 silly reify ]
44 silly reify mark retired [
44 silly reify   '/home/container/node_modules/topojson-client',
44 silly reify   '/home/container/node_modules/.bin/topo2geo',
44 silly reify   '/home/container/node_modules/.bin/topomerge',
44 silly reify   '/home/container/node_modules/.bin/topoquantize'
44 silly reify ]
45 silly reify mark retired [
45 silly reify   '/home/container/node_modules/topojson-server',
45 silly reify   '/home/container/node_modules/.bin/geo2topo'
45 silly reify ]
46 silly reify mark retired [
46 silly reify   '/home/container/node_modules/topojson-simplify',
46 silly reify   '/home/container/node_modules/.bin/toposimplify'
46 silly reify ]
47 silly reify moves {
47 silly reify   '/home/container/node_modules/topojson': '/home/container/node_modules/.topojson-HfJMt47I',
47 silly reify   '/home/container/node_modules/.bin/geo2topo': '/home/container/node_modules/.bin/.geo2topo-PeWHCc7P',
47 silly reify   '/home/container/node_modules/.bin/topo2geo': '/home/container/node_modules/.bin/.topo2geo-widAtGIF',
47 silly reify   '/home/container/node_modules/.bin/topomerge': '/home/container/node_modules/.bin/.topomerge-OKVExEZt',
47 silly reify   '/home/container/node_modules/.bin/topoquantize': '/home/container/node_modules/.bin/.topoquantize-B1mDFAS0',
47 silly reify   '/home/container/node_modules/.bin/toposimplify': '/home/container/node_modules/.bin/.toposimplify-Lavq8BG0',
47 silly reify   '/home/container/node_modules/topojson-client': '/home/container/node_modules/.topojson-client-OTQR54pa',
47 silly reify   '/home/container/node_modules/topojson-server': '/home/container/node_modules/.topojson-server-VJVL0d3T',
47 silly reify   '/home/container/node_modules/topojson-simplify': '/home/container/node_modules/.topojson-simplify-SHVa2HNd'
47 silly reify }
48 timing reify:retireShallow Completed in 8ms
49 timing reify:createSparse Completed in 1ms
50 timing reify:loadBundles Completed in 0ms
51 silly audit bulk request {
51 silly audit   '@fullcalendar/common': [ '5.11.3' ],
51 silly audit   '@fullcalendar/core': [ '5.11.3' ],
51 silly audit   '@fullcalendar/daygrid': [ '5.11.3' ],
51 silly audit   '@javascript-obfuscator/escodegen': [ '2.2.2' ],
51 silly audit   '@javascript-obfuscator/estraverse': [ '5.3.0' ],
51 silly audit   '@nuxtjs/opencollective': [ '0.3.2' ],
51 silly audit   '@popperjs/core': [ '2.11.6' ],
51 silly audit   '@types/d3': [ '3.5.38' ],
51 silly audit   '@types/minimatch': [ '3.0.5' ],
51 silly audit   '@types/validator': [ '13.7.10' ],
51 silly audit   accepts: [ '1.3.8' ],
51 silly audit   acorn: [ '8.8.1', '7.4.1', '8.5.0' ],
51 silly audit   'ansi-regex': [ '2.1.1' ],
51 silly audit   'ansi-styles': [ '4.3.0' ],
51 silly audit   aproba: [ '1.2.0' ],
51 silly audit   'are-we-there-yet': [ '1.1.7' ],
51 silly audit   'array-differ': [ '3.0.0' ],
51 silly audit   'array-flatten': [ '1.1.1' ],
51 silly audit   'array-union': [ '2.1.0' ],
51 silly audit   arrify: [ '2.0.1' ],
51 silly audit   assert: [ '2.0.0' ],
51 silly audit   async: [ '0.9.2', '3.2.4' ],
51 silly audit   'async-limiter': [ '1.0.1' ],
51 silly audit   'available-typed-arrays': [ '1.0.5' ],
51 silly audit   'balanced-match': [ '1.0.2' ],
51 silly audit   'base64-js': [ '1.5.1' ],
51 silly audit   'better-sqlite3': [ '7.6.2' ],
51 silly audit   'better-sqlite3-session-store': [ '0.0.2' ],
51 silly audit   'date-fns': [ '2.16.1', '2.29.3' ],
51 silly audit   'decompress-response': [ '6.0.0', '4.2.1' ],
51 silly audit   'detect-libc': [ '2.0.1', '1.0.3' ],
51 silly audit   'mimic-response': [ '3.1.0', '2.1.0' ],
51 silly audit   'node-abi': [ '3.31.0', '2.30.1' ],
51 silly audit   'prebuild-install': [ '7.1.1', '6.1.4' ],
51 silly audit   semver: [ '7.3.8', '5.7.1' ],
51 silly audit   'simple-get': [ '4.0.1', '3.1.1' ],
51 silly audit   bindings: [ '1.5.0' ],
51 silly audit   bl: [ '4.1.0' ],
51 silly audit   'readable-stream': [ '3.6.0', '2.3.7' ],
51 silly audit   'body-parser': [ '1.20.1' ],
51 silly audit   depd: [ '2.0.0', '1.1.2' ],
51 silly audit   'http-errors': [ '2.0.0', '1.8.1' ],
51 silly audit   statuses: [ '2.0.1', '1.5.0' ],
51 silly audit   'brace-expansion': [ '1.1.11', '2.0.1' ],
51 silly audit   brfs: [ '1.6.1' ],
51 silly audit   buffer: [ '5.7.1' ],
51 silly audit   'buffer-equal': [ '0.0.1' ],
51 silly audit   'buffer-from': [ '1.1.2' ],
51 silly audit   bytes: [ '3.1.2' ],
51 silly audit   'call-bind': [ '1.0.2' ],
51 silly audit   chalk: [ '4.1.2' ],
51 silly audit   chance: [ '1.1.9', '1.1.8' ],
51 silly audit   'char-regex': [ '1.0.2' ],
51 silly audit   charenc: [ '0.0.2' ],
51 silly audit   chownr: [ '2.0.0', '1.1.4' ],
51 silly audit   'class-validator': [ '0.13.2', '0.13.1' ],
51 silly audit   clone: [ '2.1.2' ],
51 silly audit   'code-point-at': [ '1.1.0' ],
51 silly audit   'color-convert': [ '2.0.1' ],
51 silly audit   'color-name': [ '1.1.4' ],
51 silly audit   commander: [ '7.2.0', '8.2.0', '2.20.3' ],
51 silly audit   'concat-map': [ '0.0.1' ],
51 silly audit   'concat-stream': [ '1.6.2' ],
51 silly audit   consola: [ '2.15.3' ],
51 silly audit   'console-control-strings': [ '1.1.0' ],
51 silly audit   'content-disposition': [ '0.5.4' ],
51 silly audit   'content-type': [ '1.0.4' ],
51 silly audit   'convert-source-map': [ '1.9.0' ],
51 silly audit   cookie: [ '0.4.2', '0.5.0' ],
51 silly audit   'cookie-signature': [ '1.2.0', '1.0.6' ],
51 silly audit   'core-util-is': [ '1.0.3' ],
51 silly audit   crypt: [ '0.0.2' ],
51 silly audit   d3: [ '7.8.1', '3.5.17' ],
51 silly audit   'd3-array': [ '3.2.1' ],
51 silly audit   'd3-axis': [ '3.0.0' ],
51 silly audit   'd3-brush': [ '3.0.0' ],
51 silly audit   'd3-chord': [ '3.0.1' ],
51 silly audit   'd3-color': [ '3.1.0' ],
51 silly audit   'd3-contour': [ '4.0.2' ],
51 silly audit   'd3-delaunay': [ '6.0.2' ],
51 silly audit   'd3-dispatch': [ '3.0.1' ],
51 silly audit   'd3-drag': [ '3.0.0' ],
51 silly audit   'd3-dsv': [ '3.0.1' ],
51 silly audit   'iconv-lite': [ '0.6.3', '0.4.24', '0.2.11' ],
51 silly audit   'd3-ease': [ '3.0.1' ],
51 silly audit   'd3-fetch': [ '3.0.1' ],
51 silly audit   'd3-force': [ '3.0.0' ],
51 silly audit   'd3-format': [ '3.1.0' ],
51 silly audit   'd3-geo': [ '3.1.0' ],
51 silly audit   'd3-geo-projection': [ '0.2.16' ],
51 silly audit   'd3-hierarchy': [ '3.1.2' ],
51 silly audit   'd3-interpolate': [ '3.0.1' ],
51 silly audit   'd3-path': [ '3.1.0' ],
51 silly audit   'd3-polygon': [ '3.0.1' ],
51 silly audit   'd3-quadtree': [ '3.0.1' ],
51 silly audit   'd3-queue': [ '2.0.3', '1.2.3' ],
51 silly audit   'd3-random': [ '3.0.1' ],
51 silly audit   'd3-scale': [ '4.0.2' ],
51 silly audit   'd3-scale-chromatic': [ '3.0.0' ],
51 silly audit   'd3-selection': [ '3.0.0' ],
51 silly audit   'd3-shape': [ '3.2.0' ],
51 silly audit   'd3-time': [ '3.1.0' ],
51 silly audit   'd3-time-format': [ '4.1.0' ],
51 silly audit   'd3-timer': [ '3.0.1' ],
51 silly audit   'd3-transition': [ '3.0.1' ],
51 silly audit   'd3-zoom': [ '3.0.0' ],
51 silly audit   datamaps: [ '0.5.9' ],
51 silly audit   topojson: [ '1.6.27', '3.0.2' ],
51 silly audit   'datatables.net': [ '1.13.1' ],
51 silly audit   debug: [ '2.6.9' ],
51 silly audit   'deep-extend': [ '0.6.0' ],
51 silly audit   'deep-is': [ '0.1.4' ],
51 silly audit   'define-properties': [ '1.1.4' ],
51 silly audit   delaunator: [ '5.0.0' ],
51 silly audit   delegates: [ '1.0.0' ],
51 silly audit   destroy: [ '1.2.0', '1.0.4' ],
51 silly audit   duplexer2: [ '0.1.4' ],
51 silly audit   'ee-first': [ '1.1.1' ],
51 silly audit   ejs: [ '3.1.8' ],
51 silly audit   encodeurl: [ '1.0.2' ],
51 silly audit   'end-of-stream': [ '1.4.4' ],
51 silly audit   'es-abstract': [ '1.21.1' ],
51 silly audit   'es-set-tostringtag': [ '2.0.1' ],
51 silly audit   'es-to-primitive': [ '1.2.1' ],
51 silly audit   'es6-object-assign': [ '1.1.0' ],
51 silly audit   'escape-html': [ '1.0.3' ],
51 silly audit   'escape-string-regexp': [ '1.0.5' ],
51 silly audit   escodegen: [ '1.9.1', '1.14.3' ],
51 silly audit   esprima: [ '3.1.3', '4.0.1' ],
51 silly audit   'eslint-scope': [ '5.1.1', '6.0.0' ],
51 silly audit   esrecurse: [ '4.3.0' ],
51 silly audit   estraverse: [ '5.3.0', '4.3.0' ],
51 silly audit   esutils: [ '2.0.3' ],
51 silly audit   etag: [ '1.8.1' ],
51 silly audit   'expand-template': [ '2.0.3' ],
51 silly audit   express: [ '4.18.2' ],
51 silly audit   'express-session': [ '1.17.3' ],
51 silly audit   'express-ws': [ '4.0.0' ],
51 silly audit   ms: [ '2.1.3', '2.0.0' ],
51 silly audit   send: [ '0.18.0', '0.17.2' ],
51 silly audit   falafel: [ '2.2.5' ],
51 silly audit   isarray: [ '2.0.5', '1.0.0' ],
51 silly audit   'fast-deep-equal': [ '3.1.3' ],
51 silly audit   'fast-levenshtein': [ '2.0.6' ],
51 silly audit   'file-uri-to-path': [ '1.0.0' ],
51 silly audit   filelist: [ '1.0.4' ],
51 silly audit   minimatch: [ '5.1.4', '3.1.2' ],
51 silly audit   finalhandler: [ '1.2.0' ],
51 silly audit   'for-each': [ '0.3.3' ],
51 silly audit   foreach: [ '2.0.6' ],
51 silly audit   forwarded: [ '0.2.0' ],
51 silly audit   fresh: [ '0.5.2' ],
51 silly audit   'fs-constants': [ '1.0.0' ],
51 silly audit   'fs-minipass': [ '2.1.0' ],
51 silly audit   'function-bind': [ '1.1.1' ],
51 silly audit   'function.prototype.name': [ '1.1.5' ],
51 silly audit   'functions-have-names': [ '1.2.3' ],
51 silly audit   gauge: [ '2.7.4' ],
51 silly audit   'get-intrinsic': [ '1.1.3' ],
51 silly audit   'get-symbol-description': [ '1.0.0' ],
51 silly audit   'github-from-package': [ '0.0.0' ],
51 silly audit   globalthis: [ '1.0.3' ],
51 silly audit   gopd: [ '1.0.1' ],
51 silly audit   has: [ '1.0.3' ],
51 silly audit   'has-bigints': [ '1.0.2' ],
51 silly audit   'has-flag': [ '4.0.0' ],
51 silly audit   'has-property-descriptors': [ '1.0.0' ],
51 silly audit   'has-proto': [ '1.0.1' ],
51 silly audit   'has-symbols': [ '1.0.3' ],
51 silly audit   'has-tostringtag': [ '1.0.0' ],
51 silly audit   'has-unicode': [ '2.0.1' ],
51 silly audit   ieee754: [ '1.2.1' ],
51 silly audit   inherits: [ '2.0.4' ],
51 silly audit   ini: [ '1.3.8' ],
51 silly audit   'internal-slot': [ '1.0.4' ],
51 silly audit   internmap: [ '2.0.3' ],
51 silly audit   inversify: [ '5.1.1' ],
51 silly audit   'ipaddr.js': [ '1.9.1' ],
51 silly audit   'is-arguments': [ '1.1.1' ],
51 silly audit   'is-array-buffer': [ '3.0.1' ],
51 silly audit   'is-bigint': [ '1.0.4' ],
51 silly audit   'is-boolean-object': [ '1.1.2' ],
51 silly audit   'is-buffer': [ '1.1.6' ],
51 silly audit   'is-callable': [ '1.2.7' ],
51 silly audit   'is-core-module': [ '2.11.0' ],
51 silly audit   'is-date-object': [ '1.0.5' ],
51 silly audit   'is-fullwidth-code-point': [ '1.0.0' ],
51 silly audit   'is-generator-function': [ '1.0.10' ],
51 silly audit   'is-nan': [ '1.3.2' ],
51 silly audit   'is-negative-zero': [ '2.0.2' ],
51 silly audit   'is-number-object': [ '1.0.7' ],
51 silly audit   'is-regex': [ '1.1.4' ],
51 silly audit   'is-shared-array-buffer': [ '1.0.2' ],
51 silly audit   'is-string': [ '1.0.7' ],
51 silly audit   'is-symbol': [ '1.0.4' ],
51 silly audit   'is-typed-array': [ '1.1.10' ],
51 silly audit   'is-weakref': [ '1.0.2' ],
51 silly audit   jake: [ '10.8.5' ],
51 silly audit   'javascript-obfuscator': [ '2.19.1' ],
51 silly audit   'source-map-support': [ '0.5.20', '0.5.21' ],
51 silly audit   tslib: [ '2.3.1', '2.4.1' ],
51 silly audit   jquery: [ '3.6.3' ],
51 silly audit   'js-string-escape': [ '1.0.1' ],
51 silly audit   levn: [ '0.3.0' ],
51 silly audit   'prelude-ls': [ '1.1.2', '1.2.1' ],
51 silly audit   'libphonenumber-js': [ '1.10.18' ],
51 silly audit   'lru-cache': [ '6.0.0' ],
51 silly audit   'magic-string': [ '0.22.5' ],
51 silly audit   md5: [ '2.3.0' ],
51 silly audit   'media-typer': [ '0.3.0' ],
51 silly audit   'merge-descriptors': [ '1.0.1' ],
51 silly audit   'merge-source-map': [ '1.0.4' ],
51 silly audit   'source-map': [ '0.5.7', '0.6.1' ],
51 silly audit   methods: [ '1.1.2' ],
51 silly audit   mime: [ '1.6.0' ],
51 silly audit   'mime-db': [ '1.52.0' ],
51 silly audit   'mime-types': [ '2.1.35' ],
51 silly audit   minimist: [ '1.2.7' ],
51 silly audit   minipass: [ '3.3.6', '4.0.0' ],
51 silly audit   minizlib: [ '2.1.2' ],
51 silly audit   mkdirp: [ '1.0.4' ],
51 silly audit   'mkdirp-classic': [ '0.5.3' ],
51 silly audit   moment: [ '2.29.4' ],
51 silly audit   multimatch: [ '5.0.0' ],
51 silly audit   'napi-build-utils': [ '1.0.2' ],
51 silly audit   negotiator: [ '0.6.3' ],
51 silly audit   'node-cache': [ '5.1.2' ],
51 silly audit   'node-fetch': [ '2.6.8' ],
51 silly audit   npmlog: [ '4.1.2' ],
51 silly audit   'number-is-nan': [ '1.0.1' ],
51 silly audit   'object-assign': [ '4.1.1' ],
51 silly audit   'object-inspect': [ '1.12.3', '1.4.1' ],
51 silly audit   'object-is': [ '1.1.5' ],
51 silly audit   'object-keys': [ '1.1.1' ],
51 silly audit   'object.assign': [ '4.1.4' ],
51 silly audit   'on-finished': [ '2.4.1', '2.3.0' ],
51 silly audit   'on-headers': [ '1.0.2' ],
51 silly audit   once: [ '1.4.0' ],
51 silly audit   optimist: [ '0.3.7' ],
51 silly audit   optionator: [ '0.8.3' ],
51 silly audit   parseurl: [ '1.3.3' ],
51 silly audit   'path-parse': [ '1.0.7' ],
51 silly audit   'path-to-regexp': [ '0.1.7' ],
51 silly audit   'popper.js': [ '1.16.1' ],
51 silly audit   preact: [ '10.11.3' ],
51 silly audit   process: [ '0.11.10' ],
51 silly audit   'process-nextick-args': [ '2.0.1' ],
51 silly audit   'proxy-addr': [ '2.0.7' ],
51 silly audit   pump: [ '3.0.0' ],
51 silly audit   qs: [ '6.11.0' ],
51 silly audit   'quote-stream': [ '1.0.2' ],
51 silly audit   'random-bytes': [ '1.0.0' ],
51 silly audit   'range-parser': [ '1.2.1' ],
51 silly audit   'raw-body': [ '2.5.1' ],
51 silly audit   rc: [ '1.2.8' ],
51 silly audit   'safe-buffer': [ '5.1.2', '5.2.1' ],
51 silly audit   string_decoder: [ '1.1.1', '1.3.0' ],
51 silly audit   'reflect-metadata': [ '0.1.13' ],
51 silly audit   'regexp.prototype.flags': [ '1.4.3' ],
51 silly audit   resolve: [ '1.22.1' ],
51 silly audit   'robust-predicates': [ '3.0.1' ],
51 silly audit   rw: [ '1.3.3' ],
51 silly audit   'safe-regex-test': [ '1.0.0' ],
51 silly audit   'safer-buffer': [ '2.1.2' ],
51 silly audit   'serve-static': [ '1.15.0' ],
51 silly audit   'set-blocking': [ '2.0.0' ],
51 silly audit   setprototypeof: [ '1.2.0' ],
51 silly audit   'shallow-copy': [ '0.0.1' ],
51 silly audit   shapefile: [ '0.3.1' ],
51 silly audit   'side-channel': [ '1.0.4' ],
51 silly audit   'signal-exit': [ '3.0.7' ],
51 silly audit   'simple-concat': [ '1.0.1' ],
51 silly audit   'static-eval': [ '2.1.0' ],
51 silly audit   'static-module': [ '2.2.5' ],
51 silly audit   'string-template': [ '1.0.0' ],
51 silly audit   'string-width': [ '1.0.2' ],
51 silly audit   'string.prototype.trimend': [ '1.0.6' ],
51 silly audit   'string.prototype.trimstart': [ '1.0.6' ],
51 silly audit   stringz: [ '2.1.0' ],
51 silly audit   'strip-ansi': [ '3.0.1' ],
51 silly audit   'strip-json-comments': [ '2.0.1' ],
51 silly audit   'supports-color': [ '7.2.0' ],
51 silly audit   'supports-preserve-symlinks-flag': [ '1.0.0' ],
51 silly audit   tar: [ '6.1.13' ],
51 silly audit   'tar-fs': [ '2.1.1' ],
51 silly audit   'tar-stream': [ '2.2.0' ],
51 silly audit   through2: [ '2.0.5' ],
51 silly audit   toidentifier: [ '1.0.1' ],
51 silly audit   'topojson-client': [ '3.0.0' ],
51 silly audit   'topojson-server': [ '3.0.0' ],
51 silly audit   'topojson-simplify': [ '3.0.2' ],
51 silly audit   tr46: [ '0.0.3' ],
51 silly audit   'tunnel-agent': [ '0.6.0' ],
51 silly audit   'type-check': [ '0.3.2' ],
51 silly audit   'type-is': [ '1.6.18' ],
51 silly audit   'typed-array-length': [ '1.0.4' ],
51 silly audit   typedarray: [ '0.0.6' ],
51 silly audit   'uid-safe': [ '2.1.5' ],
51 silly audit   'unbox-primitive': [ '1.0.2' ],
51 silly audit   unpipe: [ '1.0.0' ],
51 silly audit   util: [ '0.12.5' ],
51 silly audit   'util-deprecate': [ '1.0.2' ],
51 silly audit   'utils-merge': [ '1.0.1' ],
51 silly audit   validator: [ '13.7.0' ],
51 silly audit   vary: [ '1.1.2' ],
51 silly audit   vlq: [ '0.2.3' ],
51 silly audit   'webidl-conversions': [ '3.0.1' ],
51 silly audit   'whatwg-url': [ '5.0.0' ],
51 silly audit   'which-boxed-primitive': [ '1.0.2' ],
51 silly audit   'which-typed-array': [ '1.1.9' ],
51 silly audit   'wide-align': [ '1.1.5' ],
51 silly audit   'word-wrap': [ '1.2.3' ],
51 silly audit   wordwrap: [ '0.0.3' ],
51 silly audit   wrappy: [ '1.0.2' ],
51 silly audit   ws: [ '5.2.3' ],
51 silly audit   xtend: [ '4.0.2' ],
51 silly audit   yallist: [ '4.0.0' ]
51 silly audit }
52 warn deprecated topojson@3.0.2: Use topojson-client, topojson-server or topojson-simplify directly.
53 timing reifyNode:node_modules/topojson Completed in 74ms
54 timing reifyNode:node_modules/topojson-simplify Completed in 81ms
55 timing reifyNode:node_modules/topojson-server Completed in 82ms
56 timing reifyNode:node_modules/topojson-client Completed in 82ms
57 timing reify:unpack Completed in 84ms
58 timing reify:unretire Completed in 3ms
59 timing build:queue Completed in 1ms
60 timing build:link:node_modules/topojson Completed in 1ms
61 timing build:link:node_modules/topojson-client Completed in 2ms
62 timing build:link:node_modules/topojson-server Completed in 2ms
63 timing build:link:node_modules/topojson-simplify Completed in 2ms
64 timing build:link Completed in 3ms
65 timing build:deps Completed in 4ms
66 timing build Completed in 4ms
67 timing reify:build Completed in 4ms
68 timing reify:trash Completed in 14ms
69 timing reify:save Completed in 115ms
70 http fetch POST 200 https://registry.npmjs.org/-/npm/v1/security/advisories/bulk 342ms
71 timing auditReport:getReport Completed in 347ms
72 silly audit report {
72 silly audit report   'class-validator': [
72 silly audit report     {
72 silly audit report       id: 1088337,
72 silly audit report       url: 'https://github.com/advisories/GHSA-fj58-h2fr-3pp2',
72 silly audit report       title: 'SQL Injection and Cross-site Scripting in class-validator',
72 silly audit report       severity: 'critical',
72 silly audit report       vulnerable_versions: '<0.14.0',
72 silly audit report       cwe: [Array],
72 silly audit report       cvss: [Object]
72 silly audit report     }
72 silly audit report   ]
72 silly audit report }
73 timing metavuln:cache:get:security-advisory:class-validator:07T2StBjAtGLboPFCYuqKm9KcPYFOGwUD3HOnW9SJ+K4hgKetKajVyodBou03cDUp+ag1SZKxZ56T2DYgFF2Bw== Completed in 7ms
74 http fetch GET 200 https://registry.npmjs.org/class-validator 10ms (cache hit)
75 timing metavuln:packument:class-validator Completed in 12ms
76 timing metavuln:load:security-advisory:class-validator:1088337 Completed in 1ms
77 timing metavuln:calculate:security-advisory:class-validator:1088337 Completed in 13ms
78 timing metavuln:cache:get:security-advisory:javascript-obfuscator:jEytET+2iKA+o8cFbk6gZW/A+c7sm3CeUJ2Oe4tEQVEEojDSvtoeYsiye1UapmvRmW0Rv3pUXAK5fL6o2WqwZQ== Completed in 2ms
79 http fetch GET 200 https://registry.npmjs.org/javascript-obfuscator 5ms (cache hit)
80 timing metavuln:packument:javascript-obfuscator Completed in 10ms
81 timing metavuln:load:security-advisory:javascript-obfuscator:07T2StBjAtGLboPFCYuqKm9KcPYFOGwUD3HOnW9SJ+K4hgKetKajVyodBou03cDUp+ag1SZKxZ56T2DYgFF2Bw== Completed in 11ms
82 timing metavuln:calculate:security-advisory:javascript-obfuscator:07T2StBjAtGLboPFCYuqKm9KcPYFOGwUD3HOnW9SJ+K4hgKetKajVyodBou03cDUp+ag1SZKxZ56T2DYgFF2Bw== Completed in 21ms
83 timing auditReport:init Completed in 92ms
84 timing reify:audit Completed in 441ms
85 timing reify Completed in 1089ms
86 silly CHANGE node_modules/topojson-simplify
87 silly CHANGE node_modules/topojson-server
88 silly CHANGE node_modules/topojson-client
89 silly CHANGE node_modules/topojson
90 timing command:install Completed in 1107ms
91 verbose exit 0
92 timing npm Completed in 1152ms
93 info ok
